0 info it worked if it ends with ok
1 verbose cli [ 'C:\\Program Files\\nodejs\\node.exe',
1 verbose cli   'C:\\Program Files\\nodejs\\node_modules\\npm\\bin\\npm-cli.js',
1 verbose cli   'install',
1 verbose cli   '-g',
1 verbose cli   'ios-deploy' ]
2 info using npm@2.15.9
3 info using node@v4.5.0
4 verbose install initial load of C:\Users\Guillermo\AppData\Roaming\npm\package.json
5 verbose readDependencies loading dependencies from C:\Users\Guillermo\AppData\Roaming\npm\package.json
6 silly cache add args [ 'ios-deploy', null ]
7 verbose cache add spec ios-deploy
8 silly cache add parsed spec Result {
8 silly cache add   raw: 'ios-deploy',
8 silly cache add   scope: null,
8 silly cache add   name: 'ios-deploy',
8 silly cache add   rawSpec: '',
8 silly cache add   spec: 'latest',
8 silly cache add   type: 'tag' }
9 silly addNamed ios-deploy@latest
10 verbose addNamed "latest" is being treated as a dist-tag for ios-deploy
11 info addNameTag [ 'ios-deploy', 'latest' ]
12 silly mapToRegistry name ios-deploy
13 silly mapToRegistry using default registry
14 silly mapToRegistry registry https://registry.npmjs.org/
15 silly mapToRegistry data Result {
15 silly mapToRegistry   raw: 'ios-deploy',
15 silly mapToRegistry   scope: null,
15 silly mapToRegistry   name: 'ios-deploy',
15 silly mapToRegistry   rawSpec: '',
15 silly mapToRegistry   spec: 'latest',
15 silly mapToRegistry   type: 'tag' }
16 silly mapToRegistry uri https://registry.npmjs.org/ios-deploy
17 verbose addNameTag registry:https://registry.npmjs.org/ios-deploy not in flight; fetching
18 verbose request uri https://registry.npmjs.org/ios-deploy
19 verbose request no auth needed
20 info attempt registry request try #1 at 17:59:06
21 verbose request id 4ed98d9e842d224d
22 verbose etag "BAXBIYKVQEBBZBAACOFGP86VU"
23 http request GET https://registry.npmjs.org/ios-deploy
24 http 304 https://registry.npmjs.org/ios-deploy
25 verbose headers { date: 'Fri, 11 Nov 2016 16:59:07 GMT',
25 verbose headers   via: '1.1 varnish',
25 verbose headers   'cache-control': 'max-age=300',
25 verbose headers   etag: '"BAXBIYKVQEBBZBAACOFGP86VU"',
25 verbose headers   age: '0',
25 verbose headers   connection: 'keep-alive',
25 verbose headers   'x-served-by': 'cache-lcy1143-LCY',
25 verbose headers   'x-cache': 'HIT',
25 verbose headers   'x-cache-hits': '1',
25 verbose headers   'x-timer': 'S1478883547.823206,VS0,VE372',
25 verbose headers   vary: 'Accept-Encoding' }
26 silly get cb [ 304,
26 silly get   { date: 'Fri, 11 Nov 2016 16:59:07 GMT',
26 silly get     via: '1.1 varnish',
26 silly get     'cache-control': 'max-age=300',
26 silly get     etag: '"BAXBIYKVQEBBZBAACOFGP86VU"',
26 silly get     age: '0',
26 silly get     connection: 'keep-alive',
26 silly get     'x-served-by': 'cache-lcy1143-LCY',
26 silly get     'x-cache': 'HIT',
26 silly get     'x-cache-hits': '1',
26 silly get     'x-timer': 'S1478883547.823206,VS0,VE372',
26 silly get     vary: 'Accept-Encoding' } ]
27 verbose etag https://registry.npmjs.org/ios-deploy from cache
28 verbose get saving ios-deploy to C:\Users\Guillermo\AppData\Roaming\npm-cache\registry.npmjs.org\ios-deploy\.cache.json
29 verbose correctMkdir C:\Users\Guillermo\AppData\Roaming\npm-cache correctMkdir not in flight; initializing
30 silly addNameTag next cb for ios-deploy with tag latest
31 silly addNamed ios-deploy@1.9.0
32 verbose addNamed "1.9.0" is a plain semver version for ios-deploy
33 silly cache afterAdd ios-deploy@1.9.0
34 verbose afterAdd C:\Users\Guillermo\AppData\Roaming\npm-cache\ios-deploy\1.9.0\package\package.json not in flight; writing
35 verbose correctMkdir C:\Users\Guillermo\AppData\Roaming\npm-cache correctMkdir not in flight; initializing
36 verbose afterAdd C:\Users\Guillermo\AppData\Roaming\npm-cache\ios-deploy\1.9.0\package\package.json written
37 silly install resolved [ { name: 'ios-deploy',
37 silly install resolved     version: '1.9.0',
37 silly install resolved     os: [ 'darwin' ],
37 silly install resolved     description: 'launch iOS apps iOS devices from the command line (Xcode 7)',
37 silly install resolved     main: 'ios-deploy',
37 silly install resolved     scripts:
37 silly install resolved      { preinstall: './src/scripts/check_reqs.js && xcodebuild',
37 silly install resolved        test: 'npm run pycompile && npm run jshint && xcodebuild -target ios-deploy-lib && xcodebuild test -scheme ios-deploy-tests',
37 silly install resolved        jshint: 'node node_modules/jshint/bin/jshint src/scripts/*.js',
37 silly install resolved        pycompile: 'python -m py_compile src/scripts/*.py' },
37 silly install resolved     bin: { 'ios-deploy': './build/Release/ios-deploy' },
37 silly install resolved     repository:
37 silly install resolved      { type: 'git',
37 silly install resolved        url: 'git+https://github.com/phonegap/ios-deploy.git' },
37 silly install resolved     devDependencies: { jshint: '2.5.8' },
37 silly install resolved     keywords: [ 'ios-deploy', 'deploy to iOS device' ],
37 silly install resolved     bugs: { url: 'https://github.com/phonegap/ios-deploy/issues' },
37 silly install resolved     author: { name: 'Greg Hughes' },
37 silly install resolved     license: 'GPLv3',
37 silly install resolved     gitHead: '4346b331b703db43aeb3f9281c509042a551f2cc',
37 silly install resolved     homepage: 'https://github.com/phonegap/ios-deploy#readme',
37 silly install resolved     _id: 'ios-deploy@1.9.0',
37 silly install resolved     _shasum: '9f065b9dd78143df51c8a740dac974615b950984',
37 silly install resolved     _from: 'ios-deploy@latest',
37 silly install resolved     _npmVersion: '3.10.3',
37 silly install resolved     _nodeVersion: '6.4.0',
37 silly install resolved     _npmUser: { name: 'shazron', email: 'shazron@gmail.com' },
37 silly install resolved     dist:
37 silly install resolved      { shasum: '9f065b9dd78143df51c8a740dac974615b950984',
37 silly install resolved        tarball: 'https://registry.npmjs.org/ios-deploy/-/ios-deploy-1.9.0.tgz' },
37 silly install resolved     maintainers: [ [Object], [Object], [Object] ],
37 silly install resolved     _npmOperationalInternal:
37 silly install resolved      { host: 'packages-16-east.internal.npmjs.com',
37 silly install resolved        tmp: 'tmp/ios-deploy-1.9.0.tgz_1474020371227_0.9639754295349121' },
37 silly install resolved     directories: {},
37 silly install resolved     _resolved: 'https://registry.npmjs.org/ios-deploy/-/ios-deploy-1.9.0.tgz',
37 silly install resolved     readme: 'ERROR: No README data found!' } ]
38 info install ios-deploy@1.9.0 into C:\Users\Guillermo\AppData\Roaming\npm
39 info installOne ios-deploy@1.9.0
40 verbose installOne of ios-deploy to C:\Users\Guillermo\AppData\Roaming\npm not in flight; installing
41 verbose correctMkdir C:\Users\Guillermo\AppData\Roaming\npm-cache\_locks correctMkdir not in flight; initializing
42 verbose lock using C:\Users\Guillermo\AppData\Roaming\npm-cache\_locks\ios-deploy-be7182bbf213eaeb.lock for C:\Users\Guillermo\AppData\Roaming\npm\node_modules\ios-deploy
43 verbose unlock done using C:\Users\Guillermo\AppData\Roaming\npm-cache\_locks\ios-deploy-be7182bbf213eaeb.lock for C:\Users\Guillermo\AppData\Roaming\npm\node_modules\ios-deploy
44 verbose stack Error: Unsupported
44 verbose stack     at checkPlatform (C:\Program Files\nodejs\node_modules\npm\node_modules\npm-install-checks\index.js:47:14)
44 verbose stack     at Array.<anonymous> (C:\Program Files\nodejs\node_modules\npm\node_modules\slide\lib\bind-actor.js:15:8)
44 verbose stack     at LOOP (C:\Program Files\nodejs\node_modules\npm\node_modules\slide\lib\chain.js:15:14)
44 verbose stack     at C:\Program Files\nodejs\node_modules\npm\node_modules\slide\lib\chain.js:18:7
44 verbose stack     at checkEngine (C:\Program Files\nodejs\node_modules\npm\node_modules\npm-install-checks\index.js:11:20)
44 verbose stack     at Array.<anonymous> (C:\Program Files\nodejs\node_modules\npm\node_modules\slide\lib\bind-actor.js:15:8)
44 verbose stack     at LOOP (C:\Program Files\nodejs\node_modules\npm\node_modules\slide\lib\chain.js:15:14)
44 verbose stack     at chain (C:\Program Files\nodejs\node_modules\npm\node_modules\slide\lib\chain.js:20:5)
44 verbose stack     at C:\Program Files\nodejs\node_modules\npm\lib\install.js:1038:5
44 verbose stack     at C:\Program Files\nodejs\node_modules\npm\lib\utils\locker.js:39:7
45 verbose pkgid ios-deploy@1.9.0
46 verbose cwd C:\Users\Guillermo\Desktop\UPC\EA\Trabajos\project
47 error Windows_NT 6.1.7601
48 error argv "C:\\Program Files\\nodejs\\node.exe" "C:\\Program Files\\nodejs\\node_modules\\npm\\bin\\npm-cli.js" "install" "-g" "ios-deploy"
49 error node v4.5.0
50 error npm  v2.15.9
51 error code EBADPLATFORM
52 error notsup Unsupported
52 error notsup Not compatible with your operating system or architecture: ios-deploy@1.9.0
52 error notsup Valid OS:    darwin
52 error notsup Valid Arch:  any
52 error notsup Actual OS:   win32
52 error notsup Actual Arch: x64
53 verbose exit [ 1, true ]
